<<<<<<< HEAD
[2025-01-28T20:21:28.573] [INFO] access - Escuchando en... http://localhost:3033/api/v3/company/SSR
[2025-01-28T20:21:28.574] [INFO] access - Escuchando en... http://localhost:3033/api/v3/users/SSR
[2025-01-28T20:21:28.574] [INFO] access - Escuchando en... http://localhost:3033/api/v3/inscription/SSR
=======
[2025-01-27T16:20:00.520] [INFO] access - Escuchando en... http://localhost:3033/api/undefined/company
[2025-01-27T16:23:09.784] [INFO] access - Escuchando en... http://localhost:3033/api/undefined/company
[2025-01-27T16:23:11.011] [INFO] access - Escuchando en... http://localhost:3033/api/undefined/company
[2025-01-27T16:23:12.435] [INFO] access - Escuchando en... http://localhost:3033/api/undefined/company
[2025-01-27T16:23:15.468] [INFO] access - Escuchando en... http://localhost:3033/api/undefined/company
[2025-01-27T16:23:38.686] [INFO] access - Escuchando en... http://localhost:3033/api/undefined/company
[2025-01-27T16:23:51.770] [INFO] access - Escuchando en... http://localhost:3033/api/undefined/company
[2025-01-27T16:24:19.223] [INFO] access - Escuchando en... http://localhost:3033/api/undefined/company
[2025-01-27T16:24:40.204] [INFO] access - Escuchando en... http://localhost:3033/api/undefined/company
[2025-01-27T16:25:15.059] [INFO] access - Escuchando en... http://localhost:3033/api/undefined/company
[2025-01-27T16:25:24.098] [INFO] access - Escuchando en... http://localhost:3033/api/undefined/company
[2025-01-27T16:25:30.628] [INFO] access - Escuchando en... http://localhost:3033/api/undefined/company
[2025-01-27T16:25:45.902] [INFO] access - Escuchando en... http://localhost:3033/api/undefined/company
[2025-01-27T16:25:47.302] [INFO] access - Escuchando en... http://localhost:3033/api/undefined/company
[2025-01-27T16:25:48.900] [INFO] access - Escuchando en... http://localhost:3033/api/undefined/company
[2025-01-27T16:25:50.090] [INFO] access - Escuchando en... http://localhost:3033/api/undefined/company
[2025-01-27T16:26:25.772] [INFO] access - Escuchando en... http://localhost:3033/api/undefined/company
[2025-01-27T16:26:38.232] [INFO] access - Escuchando en... http://localhost:3033/api/undefined/company
[2025-01-27T16:26:43.279] [INFO] access - Escuchando en... http://localhost:3033/api/undefined/company
[2025-01-27T16:26:46.064] [INFO] access - Escuchando en... http://localhost:3033/api/undefined/company
[2025-01-27T16:26:50.462] [INFO] access - Escuchando en... http://localhost:3033/api/undefined/company
[2025-01-27T16:26:56.353] [INFO] access - Escuchando en... http://localhost:3033/api/undefined/company
[2025-01-27T16:27:24.956] [INFO] access - Escuchando en... http://localhost:3033/api/undefined/company
[2025-01-27T16:43:20.681] [INFO] access - Escuchando en... http://localhost:3033/api/v3/company/SSR
[2025-01-27T16:43:20.681] [INFO] access - Escuchando en... http://localhost:3033/api/v3/users/SSR
[2025-01-27T16:43:20.681] [INFO] access - Escuchando en... http://localhost:3033/api/v3/inscription/SSR
::1 - GET /api/v3/users/SSR/new HTTP/1.1 304 - - 11.142 ms
[2025-01-27T16:43:54.741] [INFO] access - Escuchando en... http://localhost:3033/api/v3/company/SSR
[2025-01-27T16:43:54.742] [INFO] access - Escuchando en... http://localhost:3033/api/v3/users/SSR
[2025-01-27T16:43:54.742] [INFO] access - Escuchando en... http://localhost:3033/api/v3/inscription/SSR
[2025-01-27T16:43:59.381] [INFO] access - Escuchando en... http://localhost:3033/api/v3/company/SSR
[2025-01-27T16:43:59.382] [INFO] access - Escuchando en... http://localhost:3033/api/v3/users/SSR
[2025-01-27T16:43:59.382] [INFO] access - Escuchando en... http://localhost:3033/api/v3/inscription/SSR
::1 - GET /api/v3/users/SSR/new HTTP/1.1 304 - - 10.867 ms
[2025-01-27T16:44:26.750] [INFO] access - Escuchando en... http://localhost:3033/api/v3/company/SSR
[2025-01-27T16:44:26.751] [INFO] access - Escuchando en... http://localhost:3033/api/v3/users/SSR
[2025-01-27T16:44:26.751] [INFO] access - Escuchando en... http://localhost:3033/api/v3/inscription/SSR
[2025-01-27T16:45:40.892] [INFO] access - Escuchando en... http://localhost:3033/api/v3/company/SSR
[2025-01-27T16:45:40.892] [INFO] access - Escuchando en... http://localhost:3033/api/v3/users/SSR
[2025-01-27T16:45:41.797] [INFO] access - Escuchando en... http://localhost:3033/api/v3/company/SSR
[2025-01-27T16:45:41.797] [INFO] access - Escuchando en... http://localhost:3033/api/v3/users/SSR
[2025-01-27T16:45:41.797] [INFO] access - Escuchando en... http://localhost:3033/api/v3/inscription/SSR
[2025-01-27T16:46:42.364] [INFO] access - Escuchando en... http://localhost:3033/api/v3/company/SSR
[2025-01-27T16:46:42.365] [INFO] access - Escuchando en... http://localhost:3033/api/v3/users/SSR
[2025-01-27T16:46:42.365] [INFO] access - Escuchando en... http://localhost:3033/api/v3/inscription/SSR
[2025-01-27T16:46:45.433] [INFO] access - Escuchando en... http://localhost:3033/api/v3/company/SSR
[2025-01-27T16:46:45.433] [INFO] access - Escuchando en... http://localhost:3033/api/v3/users/SSR
[2025-01-27T16:46:45.433] [INFO] access - Escuchando en... http://localhost:3033/api/v3/inscription/SSR
[2025-01-27T16:46:50.871] [INFO] access - Escuchando en... http://localhost:3033/api/v3/company/SSR
[2025-01-27T16:46:50.872] [INFO] access - Escuchando en... http://localhost:3033/api/v3/users/SSR
[2025-01-27T16:46:50.872] [INFO] access - Escuchando en... http://localhost:3033/api/v3/inscription/SSR
[2025-01-27T16:47:00.310] [INFO] access - Escuchando en... http://localhost:3033/api/v3/company/SSR
[2025-01-27T16:47:00.311] [INFO] access - Escuchando en... http://localhost:3033/api/v3/users/SSR
[2025-01-27T16:47:00.311] [INFO] access - Escuchando en... http://localhost:3033/api/v3/inscription/SSR
[2025-01-27T16:47:04.845] [INFO] access - Escuchando en... http://localhost:3033/api/v3/company/SSR
[2025-01-27T16:47:04.845] [INFO] access - Escuchando en... http://localhost:3033/api/v3/users/SSR
[2025-01-27T16:47:04.845] [INFO] access - Escuchando en... http://localhost:3033/api/v3/inscription/SSR
[2025-01-27T16:47:08.729] [INFO] access - Escuchando en... http://localhost:3033/api/v3/company/SSR
[2025-01-27T16:47:08.730] [INFO] access - Escuchando en... http://localhost:3033/api/v3/users/SSR
[2025-01-27T16:47:08.730] [INFO] access - Escuchando en... http://localhost:3033/api/v3/inscription/SSR
[2025-01-27T16:47:12.136] [INFO] access - Escuchando en... http://localhost:3033/api/v3/company/SSR
[2025-01-27T16:47:12.137] [INFO] access - Escuchando en... http://localhost:3033/api/v3/users/SSR
[2025-01-27T16:47:12.137] [INFO] access - Escuchando en... http://localhost:3033/api/v3/inscription/SSR
[2025-01-27T16:47:21.474] [INFO] access - Escuchando en... http://localhost:3033/api/v3/company/SSR
[2025-01-27T16:47:21.475] [INFO] access - Escuchando en... http://localhost:3033/api/v3/users/SSR
[2025-01-27T16:47:21.475] [INFO] access - Escuchando en... http://localhost:3033/api/v3/inscription/SSR
[2025-01-27T16:47:25.077] [INFO] access - Escuchando en... http://localhost:3033/api/v3/company/SSR
[2025-01-27T16:47:25.077] [INFO] access - Escuchando en... http://localhost:3033/api/v3/users/SSR
[2025-01-27T16:47:25.077] [INFO] access - Escuchando en... http://localhost:3033/api/v3/inscription/SSR
[2025-01-27T16:47:43.202] [INFO] access - Escuchando en... http://localhost:3033/api/v3/company/SSR
[2025-01-27T16:47:43.203] [INFO] access - Escuchando en... http://localhost:3033/api/v3/users/SSR
[2025-01-27T16:47:43.203] [INFO] access - Escuchando en... http://localhost:3033/api/v3/inscription/SSR
[2025-01-27T16:47:47.061] [INFO] access - Escuchando en... http://localhost:3033/api/v3/company/SSR
[2025-01-27T16:47:47.061] [INFO] access - Escuchando en... http://localhost:3033/api/v3/users/SSR
[2025-01-27T16:47:47.061] [INFO] access - Escuchando en... http://localhost:3033/api/v3/inscription/SSR
[2025-01-27T16:48:03.187] [INFO] access - Escuchando en... http://localhost:3033/api/v3/company/SSR
[2025-01-27T16:48:03.188] [INFO] access - Escuchando en... http://localhost:3033/api/v3/users/SSR
[2025-01-27T16:48:03.188] [INFO] access - Escuchando en... http://localhost:3033/api/v3/inscription/SSR
[2025-01-27T16:48:06.967] [INFO] access - Escuchando en... http://localhost:3033/api/v3/company/SSR
[2025-01-27T16:48:06.968] [INFO] access - Escuchando en... http://localhost:3033/api/v3/users/SSR
[2025-01-27T16:48:06.968] [INFO] access - Escuchando en... http://localhost:3033/api/v3/inscription/SSR
[2025-01-27T16:48:08.050] [INFO] access - Escuchando en... http://localhost:3033/api/v3/company/SSR
[2025-01-27T16:48:08.050] [INFO] access - Escuchando en... http://localhost:3033/api/v3/users/SSR
[2025-01-27T16:48:08.050] [INFO] access - Escuchando en... http://localhost:3033/api/v3/inscription/SSR
>>>>>>> AdriDev
[2025-01-28T20:28:44.231] [INFO] access - Escuchando en... http://localhost:3033/api/v3/company/SSR
[2025-01-28T20:28:44.231] [INFO] access - Escuchando en... http://localhost:3033/api/v3/users/SSR
[2025-01-28T20:28:44.231] [INFO] access - Escuchando en... http://localhost:3033/api/v3/inscription/SSR
::1 - GET /api/v3/users/SSR/new HTTP/1.1 304 - - 14.737 ms
[2025-01-28T20:29:47.353] [INFO] access - Escuchando en... http://localhost:3033/api/v3/company/SSR
[2025-01-28T20:29:47.354] [INFO] access - Escuchando en... http://localhost:3033/api/v3/users/SSR
[2025-01-28T20:29:47.354] [INFO] access - Escuchando en... http://localhost:3033/api/v3/inscription/SSR
[2025-01-28T20:29:52.530] [INFO] access - Escuchando en... http://localhost:3033/api/v3/company/SSR
[2025-01-28T20:29:52.531] [INFO] access - Escuchando en... http://localhost:3033/api/v3/users/SSR
[2025-01-28T20:29:52.531] [INFO] access - Escuchando en... http://localhost:3033/api/v3/inscription/SSR
[2025-01-28T20:29:55.838] [INFO] access - Escuchando en... http://localhost:3033/api/v3/company/SSR
[2025-01-28T20:29:55.838] [INFO] access - Escuchando en... http://localhost:3033/api/v3/users/SSR
[2025-01-28T20:29:55.838] [INFO] access - Escuchando en... http://localhost:3033/api/v3/inscription/SSR
[2025-01-28T20:30:06.713] [INFO] access - Escuchando en... http://localhost:3033/api/v3/company/SSR
[2025-01-28T20:30:06.713] [INFO] access - Escuchando en... http://localhost:3033/api/v3/users/SSR
[2025-01-28T20:30:06.713] [INFO] access - Escuchando en... http://localhost:3033/api/v3/inscription/SSR
[2025-01-28T20:30:11.135] [INFO] access - Escuchando en... http://localhost:3033/api/v3/company/SSR
[2025-01-28T20:30:11.136] [INFO] access - Escuchando en... http://localhost:3033/api/v3/users/SSR
[2025-01-28T20:30:11.136] [INFO] access - Escuchando en... http://localhost:3033/api/v3/inscription/SSR
[2025-01-28T20:30:14.737] [INFO] access - Escuchando en... http://localhost:3033/api/v3/company/SSR
[2025-01-28T20:30:14.737] [INFO] access - Escuchando en... http://localhost:3033/api/v3/users/SSR
[2025-01-28T20:30:14.737] [INFO] access - Escuchando en... http://localhost:3033/api/v3/inscription/SSR
[2025-01-28T20:30:31.657] [INFO] access - Escuchando en... http://localhost:3033/api/v3/company/SSR
[2025-01-28T20:30:31.658] [INFO] access - Escuchando en... http://localhost:3033/api/v3/users/SSR
[2025-01-28T20:30:31.658] [INFO] access - Escuchando en... http://localhost:3033/api/v3/inscription/SSR
[2025-01-28T20:30:37.842] [INFO] access - Escuchando en... http://localhost:3033/api/v3/company/SSR
[2025-01-28T20:30:37.843] [INFO] access - Escuchando en... http://localhost:3033/api/v3/users/SSR
[2025-01-28T20:30:37.843] [INFO] access - Escuchando en... http://localhost:3033/api/v3/inscription/SSR
[2025-01-28T20:30:41.857] [INFO] access - Escuchando en... http://localhost:3033/api/v3/company/SSR
[2025-01-28T20:30:41.858] [INFO] access - Escuchando en... http://localhost:3033/api/v3/users/SSR
[2025-01-28T20:30:41.858] [INFO] access - Escuchando en... http://localhost:3033/api/v3/inscription/SSR
[2025-01-28T20:30:47.253] [INFO] access - Escuchando en... http://localhost:3033/api/v3/company/SSR
[2025-01-28T20:30:47.254] [INFO] access - Escuchando en... http://localhost:3033/api/v3/users/SSR
[2025-01-28T20:30:47.254] [INFO] access - Escuchando en... http://localhost:3033/api/v3/inscription/SSR
::1 - GET /api/v3/users/SSR/new HTTP/1.1 304 - - 10.467 ms
::1 - POST /api/v3/users/SSR HTTP/1.1 400 441 - 64.971 ms
::1 - GET /api/v3/users/SSR/new HTTP/1.1 304 - - 2.022 ms
::1 - POST /api/v3/users/SSR HTTP/1.1 302 46 - 8.131 ms
::1 - GET /api/v3/users/SSR HTTP/1.1 200 2345 - 12.410 ms
::1 - GET /api/v3/users/SSR/11 HTTP/1.1 200 1871 - 8.277 ms
[2025-01-28T20:37:09.317] [INFO] access - Escuchando en... http://localhost:3033/api/v3/company/SSR
[2025-01-28T20:37:09.317] [INFO] access - Escuchando en... http://localhost:3033/api/v3/users/SSR
[2025-01-28T20:37:09.317] [INFO] access - Escuchando en... http://localhost:3033/api/v3/inscription/SSR
[2025-01-28T20:37:10.803] [INFO] access - Escuchando en... http://localhost:3033/api/v3/company/SSR
[2025-01-28T20:37:10.803] [INFO] access - Escuchando en... http://localhost:3033/api/v3/users/SSR
[2025-01-28T20:37:10.803] [INFO] access - Escuchando en... http://localhost:3033/api/v3/inscription/SSR
[2025-01-28T20:37:18.800] [INFO] access - Escuchando en... http://localhost:3033/api/v3/company/SSR
[2025-01-28T20:37:18.801] [INFO] access - Escuchando en... http://localhost:3033/api/v3/users/SSR
[2025-01-28T20:37:18.801] [INFO] access - Escuchando en... http://localhost:3033/api/v3/inscription/SSR
[2025-01-28T20:37:21.146] [INFO] access - Escuchando en... http://localhost:3033/api/v3/company/SSR
[2025-01-28T20:37:21.146] [INFO] access - Escuchando en... http://localhost:3033/api/v3/users/SSR
[2025-01-28T20:37:21.146] [INFO] access - Escuchando en... http://localhost:3033/api/v3/inscription/SSR
